     1                                  ; a-b-d+2+c+(10-b)
     2                                  bits 32 ; assembling for the 32 bits architecture
     3                                  
     4                                  ; declare the EntryPoint (a label defining the very first instruction of the program)
     5                                  global start        
     6                                  
     7                                  ; declare external functions needed by our program
     8                                  extern exit               ; tell nasm that exit exists even if we won't be defining it
     9                                  import exit msvcrt.dll    ; exit is a function that ends the calling process. It is defined in msvcrt.dll
    10                                                            ; msvcrt.dll contains exit, printf and all the other important C-runtime specific functions
    11                                  
    12                                  ; our data is declared here (the variables needed by our program)
    13                                  segment data use32 class=data
    14 00000000 06                          a db 6
    15 00000001 03                          b db 3
    16 00000002 02                          c db 2
    17 00000003 08                          d db 8
    18                                  
    19                                  ; our code starts here
    20                                  segment code use32 class=code
    21                                      start:
    22 00000000 A0[00000000]                    mov AL,[a];AL=a
    23 00000005 2A05[01000000]                  sub AL,[b];AL=a-b
    24 0000000B 2A05[03000000]                  sub AL,[d];AL=a-b-d
    25 00000011 0402                            add AL,2;AL=a-b-d+2
    26 00000013 0205[02000000]                  add AL,[c];AL=a-b-d+2+c
    27                                          
    28 00000019 B40A                            mov AH,10;AH=10
    29 0000001B 2A25[01000000]                  sub AH,[b];AH=10-b
    30                                          
    31 00000021 00C4                            add AH,AL; AH=AH-AL
    32                                          ; exit(0)
    33 00000023 6A00                            push    dword 0      ; push the parameter for exit onto the stack
    34 00000025 FF15[00000000]                  call    [exit]       ; call exit to terminate the program
