d:\faculta\oop\lab3\lab3\x64\debug\vc143.pdb
d:\faculta\oop\lab3\lab3\x64\debug\vc143.idb
d:\faculta\oop\lab3\lab3\x64\debug\teste.obj
d:\faculta\oop\lab3\lab3\x64\debug\source.obj
d:\faculta\oop\lab3\lab3\x64\debug\service.obj
d:\faculta\oop\lab3\lab3\x64\debug\lista.obj
d:\faculta\oop\lab3\lab3\x64\debug\lab3.ilk
d:\faculta\oop\lab3\x64\debug\lab3.pdb
d:\faculta\oop\lab3\lab3\x64\debug\lab3.tlog\cl.command.1.tlog
d:\faculta\oop\lab3\lab3\x64\debug\lab3.tlog\cl.items.tlog
d:\faculta\oop\lab3\lab3\x64\debug\lab3.tlog\cl.read.1.tlog
d:\faculta\oop\lab3\lab3\x64\debug\lab3.tlog\cl.write.1.tlog
d:\faculta\oop\lab3\lab3\x64\debug\lab3.tlog\link.14980-cvtres.read.1.tlog
d:\faculta\oop\lab3\lab3\x64\debug\lab3.tlog\link.14980-cvtres.write.1.tlog
d:\faculta\oop\lab3\lab3\x64\debug\lab3.tlog\link.14980-rc.read.1.tlog
d:\faculta\oop\lab3\lab3\x64\debug\lab3.tlog\link.14980-rc.write.1.tlog
d:\faculta\oop\lab3\lab3\x64\debug\lab3.tlog\link.14980.read.1.tlog
d:\faculta\oop\lab3\lab3\x64\debug\lab3.tlog\link.14980.read.2.tlog
d:\faculta\oop\lab3\lab3\x64\debug\lab3.tlog\link.14980.read.3.tlog
d:\faculta\oop\lab3\lab3\x64\debug\lab3.tlog\link.14980.read.4.tlog
d:\faculta\oop\lab3\lab3\x64\debug\lab3.tlog\link.14980.write.1.tlog
d:\faculta\oop\lab3\lab3\x64\debug\lab3.tlog\link.command.1.tlog
d:\faculta\oop\lab3\lab3\x64\debug\lab3.tlog\link.read.1.tlog
d:\faculta\oop\lab3\lab3\x64\debug\lab3.tlog\link.secondary.1.tlog
d:\faculta\oop\lab3\lab3\x64\debug\lab3.tlog\link.write.1.tlog
